{"total": {"lines":{"total":53,"covered":23,"skipped":0,"pct":43.4},"statements":{"total":55,"covered":23,"skipped":0,"pct":41.82},"functions":{"total":9,"covered":3,"skipped":0,"pct":33.33},"branches":{"total":26,"covered":12,"skipped":0,"pct":46.15}}
,"C:\\Users\\super pawn\\Desktop\\bens-projects\\nutrition-tracker-be-pt7\\utils\\formatDate.js": {"lines":{"total":8,"covered":0,"skipped":0,"pct":0},"functions":{"total":1,"covered":0,"skipped":0,"pct":0},"statements":{"total":10,"covered":0,"skipped":0,"pct":0},"branches":{"total":4,"covered":0,"skipped":0,"pct":0}}
,"C:\\Users\\super pawn\\Desktop\\bens-projects\\nutrition-tracker-be-pt7\\utils\\generateToken.js": {"lines":{"total":4,"covered":3,"skipped":0,"pct":75},"functions":{"total":1,"covered":0,"skipped":0,"pct":0},"statements":{"total":4,"covered":3,"skipped":0,"pct":75},"branches":{"total":0,"covered":0,"skipped":0,"pct":100}}
,"C:\\Users\\super pawn\\Desktop\\bens-projects\\nutrition-tracker-be-pt7\\utils\\getUserId.js": {"lines":{"total":20,"covered":8,"skipped":0,"pct":40},"functions":{"total":2,"covered":1,"skipped":0,"pct":50},"statements":{"total":20,"covered":8,"skipped":0,"pct":40},"branches":{"total":14,"covered":7,"skipped":0,"pct":50}}
,"C:\\Users\\super pawn\\Desktop\\bens-projects\\nutrition-tracker-be-pt7\\utils\\hashPassword.js": {"lines":{"total":6,"covered":5,"skipped":0,"pct":83.33},"functions":{"total":1,"covered":1,"skipped":0,"pct":100},"statements":{"total":6,"covered":5,"skipped":0,"pct":83.33},"branches":{"total":4,"covered":3,"skipped":0,"pct":75}}
,"C:\\Users\\super pawn\\Desktop\\bens-projects\\nutrition-tracker-be-pt7\\utils\\thirdPartyAuth.js": {"lines":{"total":5,"covered":0,"skipped":0,"pct":0},"functions":{"total":3,"covered":0,"skipped":0,"pct":0},"statements":{"total":5,"covered":0,"skipped":0,"pct":0},"branches":{"total":0,"covered":0,"skipped":0,"pct":100}}
,"C:\\Users\\super pawn\\Desktop\\bens-projects\\nutrition-tracker-be-pt7\\utils\\validateLogin.js": {"lines":{"total":10,"covered":7,"skipped":0,"pct":70},"functions":{"total":1,"covered":1,"skipped":0,"pct":100},"statements":{"total":10,"covered":7,"skipped":0,"pct":70},"branches":{"total":4,"covered":2,"skipped":0,"pct":50}}
}
