{"total": {"lines":{"total":32,"covered":21,"skipped":0,"pct":65.63},"statements":{"total":32,"covered":21,"skipped":0,"pct":65.63},"functions":{"total":4,"covered":3,"skipped":0,"pct":75},"branches":{"total":14,"covered":8,"skipped":0,"pct":57.14}}
,"C:\\Users\\super pawn\\Desktop\\bens-projects\\nutrition-tracker-be-pt7\\utils\\generateToken.js": {"lines":{"total":4,"covered":3,"skipped":0,"pct":75},"functions":{"total":1,"covered":0,"skipped":0,"pct":0},"statements":{"total":4,"covered":3,"skipped":0,"pct":75},"branches":{"total":0,"covered":0,"skipped":0,"pct":100}}
,"C:\\Users\\super pawn\\Desktop\\bens-projects\\nutrition-tracker-be-pt7\\utils\\getUserId.js": {"lines":{"total":12,"covered":6,"skipped":0,"pct":50},"functions":{"total":1,"covered":1,"skipped":0,"pct":100},"statements":{"total":12,"covered":6,"skipped":0,"pct":50},"branches":{"total":6,"covered":3,"skipped":0,"pct":50}}
,"C:\\Users\\super pawn\\Desktop\\bens-projects\\nutrition-tracker-be-pt7\\utils\\hashPassword.js": {"lines":{"total":6,"covered":5,"skipped":0,"pct":83.33},"functions":{"total":1,"covered":1,"skipped":0,"pct":100},"statements":{"total":6,"covered":5,"skipped":0,"pct":83.33},"branches":{"total":4,"covered":3,"skipped":0,"pct":75}}
,"C:\\Users\\super pawn\\Desktop\\bens-projects\\nutrition-tracker-be-pt7\\utils\\validateLogin.js": {"lines":{"total":10,"covered":7,"skipped":0,"pct":70},"functions":{"total":1,"covered":1,"skipped":0,"pct":100},"statements":{"total":10,"covered":7,"skipped":0,"pct":70},"branches":{"total":4,"covered":2,"skipped":0,"pct":50}}
}
