TN:
SF:utils\formatDate.js
FN:1,formatDate
FNF:1
FNH:0
FNDA:0,formatDate
DA:2,0
DA:3,0
DA:4,0
DA:5,0
DA:7,0
DA:8,0
DA:10,0
DA:13,0
LF:8
LH:0
BRDA:7,0,0,0
BRDA:7,0,1,0
BRDA:8,1,0,0
BRDA:8,1,1,0
BRF:4
BRH:0
end_of_record
TN:
SF:utils\generateToken.js
FN:3,(anonymous_0)
FNF:1
FNH:0
FNDA:0,(anonymous_0)
DA:1,1
DA:3,1
DA:4,0
DA:7,1
LF:4
LH:3
BRF:0
BRH:0
end_of_record
TN:
SF:utils\getUserId.js
FN:3,(anonymous_0)
FNF:1
FNH:1
FNDA:2,(anonymous_0)
DA:1,1
DA:3,1
DA:4,2
DA:5,2
DA:9,2
DA:11,0
DA:12,0
DA:14,0
DA:15,0
DA:16,0
DA:17,0
DA:20,1
LF:12
LH:6
BRDA:5,0,0,2
BRDA:5,0,1,0
BRDA:6,1,0,2
BRDA:6,1,1,1
BRDA:11,2,0,0
BRDA:11,2,1,0
BRF:6
BRH:3
end_of_record
TN:
SF:utils\hashPassword.js
FN:3,(anonymous_0)
FNF:1
FNH:1
FNDA:3,(anonymous_0)
DA:1,1
DA:3,1
DA:4,3
DA:5,0
DA:10,3
DA:13,1
LF:6
LH:5
BRDA:4,0,0,0
BRDA:4,0,1,3
BRDA:4,1,0,3
BRDA:4,1,1,1
BRF:4
BRH:3
end_of_record
TN:
SF:utils\validateLogin.js
FN:4,(anonymous_0)
FNF:1
FNH:1
FNDA:2,(anonymous_0)
DA:1,1
DA:2,1
DA:4,1
DA:5,2
DA:6,1
DA:9,1
DA:11,0
DA:12,0
DA:15,0
DA:21,1
LF:10
LH:7
BRDA:5,0,0,1
BRDA:5,0,1,1
BRDA:11,1,0,0
BRDA:11,1,1,0
BRF:4
BRH:2
end_of_record
